<?xml version="1.0" encoding="UTF-8"?>
<testng-results ignored="0" total="1" passed="1" failed="0" skipped="0">
  <reporter-output>
  </reporter-output>
  <suite started-at="2022-06-20T10:08:05Z" name="Register" finished-at="2022-06-20T10:08:18Z" duration-ms="13415">
    <groups>
    </groups>
    <test started-at="2022-06-20T10:08:05Z" name="Run on Chrome" finished-at="2022-06-20T10:08:18Z" duration-ms="13415">
      <class name="DemoProject.Register.TS_01_CreateNewAccount">
        <test-method is-config="true" signature="beforeClass(java.lang.String, java.lang.String)[pri:0, instance:DemoProject.Register.TS_01_CreateNewAccount@4c5204af]" started-at="2022-06-20T10:08:05Z" name="beforeClass" finished-at="2022-06-20T10:08:12Z" duration-ms="7689" status="PASS">
          <params>
            <param index="0">
              <value>
                <![CDATA[chrome]]>
              </value>
            </param>
            <param index="1">
              <value>
                <![CDATA[http://live.techpanda.org/index.php/]]>
              </value>
            </param>
          </params>
          <reporter-output>
          </reporter-output>
        </test-method> <!-- beforeClass -->
        <test-method signature="TC_01_Create_New_Account()[pri:0, instance:DemoProject.Register.TS_01_CreateNewAccount@4c5204af]" started-at="2022-06-20T10:08:12Z" name="TC_01_Create_New_Account" finished-at="2022-06-20T10:08:18Z" duration-ms="5591" status="PASS">
          <reporter-output>
          </reporter-output>
        </test-method> <!-- TC_01_Create_New_Account -->
        <test-method is-config="true" signature="afterClass()[pri:0, instance:DemoProject.Register.TS_01_CreateNewAccount@4c5204af]" started-at="2022-06-20T10:08:18Z" name="afterClass" finished-at="2022-06-20T10:08:18Z" duration-ms="81" status="PASS">
          <reporter-output>
          </reporter-output>
        </test-method> <!-- afterClass -->
      </class> <!-- DemoProject.Register.TS_01_CreateNewAccount -->
    </test> <!-- Run on Chrome -->
  </suite> <!-- Register -->
</testng-results>
