<?xml version="1.0" encoding="UTF-8"?>
<!-- Generated by org.testng.reporters.JUnitXMLReporter -->
<testsuite ignored="0" hostname="Haos-MacBook-Air.local" failures="0" tests="3" name="Run on Chrome" time="49.916" errors="0" timestamp="30 Jun 2022 08:05:15 GMT">
  <testcase classname="DemoProject.Register.TS_01_CreateNewAccount" name="TC_01_Create_New_Account" time="5.061"/>
  <testcase classname="DemoProject.AddProducts.TS_03_AddProductToCart" name="TC_01_Add_Product_To_Cart" time="13.978"/>
  <testcase classname="DemoProject.Login.TS_02_Login" name="TC_01_Login" time="2.692"/>
</testsuite> <!-- Run on Chrome -->
